0 info it worked if it ends with ok
1 verbose cli [ '/Users/student/.nvm/versions/node/v6.11.3/bin/node',
1 verbose cli   '/Users/student/.nvm/versions/node/v6.11.3/bin/npm',
1 verbose cli   'run',
1 verbose cli   'build' ]
2 info using npm@3.10.10
3 info using node@v6.11.3
4 verbose run-script [ 'prebuild', 'build', 'postbuild' ]
5 info lifecycle movie-list@1.0.0~prebuild: movie-list@1.0.0
6 silly lifecycle movie-list@1.0.0~prebuild: no script for prebuild, continuing
7 info lifecycle movie-list@1.0.0~build: movie-list@1.0.0
8 verbose lifecycle movie-list@1.0.0~build: unsafe-perm in lifecycle true
9 verbose lifecycle movie-list@1.0.0~build: PATH: /Users/student/.nvm/versions/node/v6.11.3/lib/node_modules/npm/bin/node-gyp-bin:/Users/student/code/movie-list/node_modules/.bin:/Users/student/.nvm/versions/node/v6.11.3/bin:/usr/local/opt/sqlite/bin:/usr/local/bin:/usr/bin:/bin:/usr/sbin:/sbin
10 verbose lifecycle movie-list@1.0.0~build: CWD: /Users/student/code/movie-list
11 silly lifecycle movie-list@1.0.0~build: Args: [ '-c', 'webpack --watch' ]
12 silly lifecycle movie-list@1.0.0~build: Returned: code: 1  signal: null
13 info lifecycle movie-list@1.0.0~build: Failed to exec build script
14 verbose stack Error: movie-list@1.0.0 build: `webpack --watch`
14 verbose stack Exit status 1
14 verbose stack     at EventEmitter.<anonymous> (/Users/student/.nvm/versions/node/v6.11.3/lib/node_modules/npm/lib/utils/lifecycle.js:255:16)
14 verbose stack     at emitTwo (events.js:106:13)
14 verbose stack     at EventEmitter.emit (events.js:191:7)
14 verbose stack     at ChildProcess.<anonymous> (/Users/student/.nvm/versions/node/v6.11.3/lib/node_modules/npm/lib/utils/spawn.js:40:14)
14 verbose stack     at emitTwo (events.js:106:13)
14 verbose stack     at ChildProcess.emit (events.js:191:7)
14 verbose stack     at maybeClose (internal/child_process.js:920:16)
14 verbose stack     at Process.ChildProcess._handle.onexit (internal/child_process.js:230:5)
15 verbose pkgid movie-list@1.0.0
16 verbose cwd /Users/student/code/movie-list
17 error Darwin 16.7.0
18 error argv "/Users/student/.nvm/versions/node/v6.11.3/bin/node" "/Users/student/.nvm/versions/node/v6.11.3/bin/npm" "run" "build"
19 error node v6.11.3
20 error npm  v3.10.10
21 error code ELIFECYCLE
22 error movie-list@1.0.0 build: `webpack --watch`
22 error Exit status 1
23 error Failed at the movie-list@1.0.0 build script 'webpack --watch'.
23 error Make sure you have the latest version of node.js and npm installed.
23 error If you do, this is most likely a problem with the movie-list package,
23 error not with npm itself.
23 error Tell the author that this fails on your system:
23 error     webpack --watch
23 error You can get information on how to open an issue for this project with:
23 error     npm bugs movie-list
23 error Or if that isn't available, you can get their info via:
23 error     npm owner ls movie-list
23 error There is likely additional logging output above.
24 verbose exit [ 1, true ]
